<?xml version="1.0" encoding="UTF-8"?>
<!-- Generated by org.testng.reporters.JUnitReportReporter -->
<testsuite skipped="0" hostname="IBM-Testing01" name="com.training.sanity.tests.LoginTests" tests="1" failures="0" timestamp="14 Jan 2020 08:29:08 GMT" time="17.093" errors="0">
  <testcase name="validLoginTest" time="17.093" classname="com.training.sanity.tests.LoginTests"/>
</testsuite> <!-- com.training.sanity.tests.LoginTests -->
